0 verbose cli /usr/local/nvm/versions/node/v18.12.1/bin/node /usr/local/nvm/versions/node/v18.12.1/bin/npm
1 info using npm@9.8.1
2 info using node@v18.12.1
3 timing npm:load:whichnode Completed in 1ms
4 timing config:load:defaults Completed in 2ms
5 timing config:load:file:/usr/local/nvm/versions/node/v18.12.1/lib/node_modules/npm/npmrc Completed in 4ms
6 timing config:load:builtin Completed in 4ms
7 timing config:load:cli Completed in 4ms
8 timing config:load:env Completed in 1ms
9 timing config:load:file:/home/user203/sample-Firestore/internal/.npmrc Completed in 0ms
10 timing config:load:project Completed in 14ms
11 timing config:load:file:/home/user203/.npmrc Completed in 0ms
12 timing config:load:user Completed in 0ms
13 timing config:load:file:/usr/local/nvm/versions/node/v18.12.1/etc/npmrc Completed in 0ms
14 timing config:load:global Completed in 0ms
15 timing config:load:setEnvs Completed in 1ms
16 timing config:load Completed in 28ms
17 timing npm:load:configload Completed in 28ms
18 timing config:load:flatten Completed in 3ms
19 timing npm:load:mkdirpcache Completed in 0ms
20 timing npm:load:mkdirplogs Completed in 1ms
21 verbose title npm install
22 verbose argv "install"
23 timing npm:load:setTitle Completed in 1ms
24 timing npm:load:display Completed in 0ms
25 verbose logfile logs-max:10 dir:/home/user203/.npm/_logs/2023-08-08T21_10_08_391Z-
26 verbose logfile /home/user203/.npm/_logs/2023-08-08T21_10_08_391Z-debug-0.log
27 timing npm:load:logFile Completed in 15ms
28 timing npm:load:timers Completed in 0ms
29 timing npm:load:configScope Completed in 0ms
30 timing npm:load Completed in 67ms
31 timing arborist:ctor Completed in 1ms
32 silly logfile done cleaning log files
33 timing idealTree:init Completed in 279ms
34 timing idealTree:userRequests Completed in 1ms
35 silly idealTree buildDeps
36 timing idealTree:#root Completed in 0ms
37 timing idealTree:buildDeps Completed in 1ms
38 timing idealTree:fixDepFlags Completed in 0ms
39 timing idealTree Completed in 287ms
40 timing arborist:ctor Completed in 0ms
41 timing reify:loadTrees Completed in 437ms
42 timing reify:diffTrees Completed in 11ms
43 silly reify moves {}
44 timing reify:retireShallow Completed in 1ms
45 timing reify:createSparse Completed in 4ms
46 timing reify:loadBundles Completed in 0ms
47 silly audit bulk request {
47 silly audit   '@ampproject/remapping': [ '2.1.2' ],
47 silly audit   '@babel/code-frame': [ '7.16.7' ],
47 silly audit   '@babel/compat-data': [ '7.17.0' ],
47 silly audit   '@babel/core': [ '7.17.5' ],
47 silly audit   debug: [ '4.3.3', '4.3.1', '2.6.9', '3.2.6' ],
47 silly audit   ms: [ '2.1.2', '2.1.3', '2.0.0', '2.1.1' ],
47 silly audit   '@babel/generator': [ '7.17.3' ],
47 silly audit   '@babel/helper-compilation-targets': [ '7.16.7' ],
47 silly audit   '@babel/helper-environment-visitor': [ '7.16.7' ],
47 silly audit   '@babel/helper-function-name': [ '7.16.7' ],
47 silly audit   '@babel/helper-get-function-arity': [ '7.16.7' ],
47 silly audit   '@babel/helper-hoist-variables': [ '7.16.7' ],
47 silly audit   '@babel/helper-module-imports': [ '7.16.7' ],
47 silly audit   '@babel/helper-module-transforms': [ '7.17.6' ],
47 silly audit   '@babel/helper-simple-access': [ '7.16.7' ],
47 silly audit   '@babel/helper-split-export-declaration': [ '7.16.7' ],
47 silly audit   '@babel/helper-validator-identifier': [ '7.16.7' ],
47 silly audit   '@babel/helper-validator-option': [ '7.16.7' ],
47 silly audit   '@babel/helpers': [ '7.17.2' ],
47 silly audit   '@babel/highlight': [ '7.16.10' ],
47 silly audit   'ansi-styles': [ '3.2.1', '4.3.0' ],
47 silly audit   chalk: [ '2.4.2', '4.1.2' ],
47 silly audit   'color-convert': [ '1.9.3', '2.0.1' ],
47 silly audit   'color-name': [ '1.1.3', '1.1.4' ],
47 silly audit   'escape-string-regexp': [ '1.0.5', '4.0.0' ],
47 silly audit   'has-flag': [ '3.0.0', '4.0.0' ],
47 silly audit   'supports-color': [ '5.5.0', '7.2.0', '8.1.1' ],
47 silly audit   '@babel/parser': [ '7.17.3' ],
47 silly audit   '@babel/template': [ '7.16.7' ],
47 silly audit   '@babel/traverse': [ '7.17.3' ],
47 silly audit   '@babel/types': [ '7.17.0' ],
47 silly audit   '@google-cloud/firestore': [ '4.8.1' ],
47 silly audit   '@grpc/grpc-js': [ '1.2.3' ],
47 silly audit   '@grpc/proto-loader': [ '0.5.5' ],
47 silly audit   '@istanbuljs/load-nyc-config': [ '1.1.0' ],
47 silly audit   argparse: [ '1.0.10', '2.0.1' ],
47 silly audit   'find-up': [ '4.1.0', '5.0.0' ],
47 silly audit   'js-yaml': [ '3.14.1', '4.1.0' ],
47 silly audit   'locate-path': [ '5.0.0', '6.0.0' ],
47 silly audit   'p-limit': [ '2.3.0', '3.1.0' ],
47 silly audit   'p-locate': [ '4.1.0', '5.0.0' ],
47 silly audit   '@istanbuljs/schema': [ '0.1.3' ],
47 silly audit   '@jridgewell/resolve-uri': [ '3.0.5' ],
47 silly audit   '@jridgewell/sourcemap-codec': [ '1.4.11' ],
47 silly audit   '@jridgewell/trace-mapping': [ '0.3.4' ],
47 silly audit   '@protobufjs/aspromise': [ '1.1.2' ],
47 silly audit   '@protobufjs/base64': [ '1.1.2' ],
47 silly audit   '@protobufjs/codegen': [ '2.0.4' ],
47 silly audit   '@protobufjs/eventemitter': [ '1.1.0' ],
47 silly audit   '@protobufjs/fetch': [ '1.1.0' ],
47 silly audit   '@protobufjs/float': [ '1.0.2' ],
47 silly audit   '@protobufjs/inquire': [ '1.1.0' ],
47 silly audit   '@protobufjs/path': [ '1.1.2' ],
47 silly audit   '@protobufjs/pool': [ '1.1.0' ],
47 silly audit   '@protobufjs/utf8': [ '1.1.0' ],
47 silly audit   '@types/long': [ '4.0.1' ],
47 silly audit   '@types/node': [ '12.19.12', '13.13.39' ],
47 silly audit   '@ungap/promise-all-settled': [ '1.1.2' ],
47 silly audit   'abort-controller': [ '3.0.0' ],
47 silly audit   accepts: [ '1.3.7' ],
47 silly audit   'agent-base': [ '6.0.2' ],
47 silly audit   'aggregate-error': [ '3.1.0' ],
47 silly audit   'ansi-colors': [ '4.1.1' ],
47 silly audit   'ansi-regex': [ '5.0.1' ],
47 silly audit   anymatch: [ '3.1.2' ],
47 silly audit   'append-transform': [ '2.0.0' ],
47 silly audit   archy: [ '1.0.0' ],
47 silly audit   'array-flatten': [ '1.1.1' ],
47 silly audit   arrify: [ '2.0.1' ],
47 silly audit   'assertion-error': [ '1.1.0' ],
47 silly audit   asynckit: [ '0.4.0' ],
47 silly audit   'balanced-match': [ '1.0.0' ],
47 silly audit   'base64-js': [ '1.5.1' ],
47 silly audit   'bignumber.js': [ '9.0.1' ],
47 silly audit   'binary-extensions': [ '2.2.0' ],
47 silly audit   'body-parser': [ '1.19.0' ],
47 silly audit   'brace-expansion': [ '1.1.11' ],
47 silly audit   braces: [ '3.0.2' ],
47 silly audit   'browser-stdout': [ '1.3.1' ],
47 silly audit   browserslist: [ '4.19.3' ],
47 silly audit   'buffer-equal-constant-time': [ '1.0.1' ],
47 silly audit   bytes: [ '3.1.0' ],
47 silly audit   'caching-transform': [ '4.0.0' ],
47 silly audit   camelcase: [ '5.3.1', '6.3.0' ],
47 silly audit   'caniuse-lite': [ '1.0.30001312' ],
47 silly audit   chai: [ '4.2.0' ],
47 silly audit   'check-error': [ '1.0.2' ],
47 silly audit   chokidar: [ '3.5.3' ],
47 silly audit   'clean-stack': [ '2.2.0' ],
47 silly audit   cliui: [ '7.0.4', '6.0.0' ],
47 silly audit   'combined-stream': [ '1.0.8' ],
47 silly audit   commondir: [ '1.0.1' ],
47 silly audit   'component-emitter': [ '1.3.0' ],
47 silly audit   'concat-map': [ '0.0.1' ],
47 silly audit   'content-disposition': [ '0.5.3' ],
47 silly audit   'content-type': [ '1.0.4' ],
47 silly audit   'convert-source-map': [ '1.8.0' ],
47 silly audit   cookie: [ '0.4.0' ],
47 silly audit   'cookie-signature': [ '1.0.6' ],
47 silly audit   cookiejar: [ '2.1.2' ],
47 silly audit   'core-util-is': [ '1.0.2' ],
47 silly audit   'cross-spawn': [ '7.0.3' ],
47 silly audit   decamelize: [ '1.2.0', '4.0.0' ],
47 silly audit   'deep-eql': [ '3.0.1' ],
47 silly audit   'default-require-extensions': [ '3.0.0' ],
47 silly audit   'delayed-stream': [ '1.0.0' ],
47 silly audit   depd: [ '1.1.2' ],
47 silly audit   destroy: [ '1.0.4' ],
47 silly audit   diff: [ '5.0.0' ],
47 silly audit   duplexify: [ '4.1.1' ],
47 silly audit   'readable-stream': [ '3.6.0', '2.3.6' ],
47 silly audit   'ecdsa-sig-formatter': [ '1.0.11' ],
47 silly audit   'ee-first': [ '1.1.1' ],
47 silly audit   'electron-to-chromium': [ '1.4.75' ],
47 silly audit   'emoji-regex': [ '8.0.0' ],
47 silly audit   encodeurl: [ '1.0.2' ],
47 silly audit   'end-of-stream': [ '1.4.1' ],
47 silly audit   'es6-error': [ '4.1.1' ],
47 silly audit   escalade: [ '3.1.1' ],
47 silly audit   'escape-html': [ '1.0.3' ],
47 silly audit   esprima: [ '4.0.1' ],
47 silly audit   etag: [ '1.8.1' ],
47 silly audit   'event-target-shim': [ '5.0.1' ],
47 silly audit   express: [ '4.17.1' ],
47 silly audit   extend: [ '3.0.2' ],
47 silly audit   'fast-deep-equal': [ '3.1.3' ],
47 silly audit   'fast-text-encoding': [ '1.0.3' ],
47 silly audit   'fill-range': [ '7.0.1' ],
47 silly audit   finalhandler: [ '1.1.2' ],
47 silly audit   'find-cache-dir': [ '3.3.2' ],
47 silly audit   flat: [ '5.0.2' ],
47 silly audit   'foreground-child': [ '2.0.0' ],
47 silly audit   'form-data': [ '2.5.0' ],
47 silly audit   formidable: [ '1.2.1' ],
47 silly audit   forwarded: [ '0.1.2' ],
47 silly audit   fresh: [ '0.5.2' ],
47 silly audit   fromentries: [ '1.3.2' ],
47 silly audit   'fs.realpath': [ '1.0.0' ],
47 silly audit   fsevents: [ '2.3.2' ],
47 silly audit   'functional-red-black-tree': [ '1.0.1' ],
47 silly audit   gaxios: [ '4.1.0' ],
47 silly audit   'gcp-metadata': [ '4.2.1' ],
47 silly audit   gensync: [ '1.0.0-beta.2' ],
47 silly audit   'get-caller-file': [ '2.0.5' ],
47 silly audit   'get-func-name': [ '2.0.0' ],
47 silly audit   'get-package-type': [ '0.1.0' ],
47 silly audit   glob: [ '7.2.0' ],
47 silly audit   'glob-parent': [ '5.1.2' ],
47 silly audit   globals: [ '11.12.0' ],
47 silly audit   'google-auth-library': [ '6.1.4' ],
47 silly audit   'lru-cache': [ '6.0.0' ],
47 silly audit   yallist: [ '4.0.0' ],
47 silly audit   'google-gax': [ '2.10.0' ],
47 silly audit   'google-p12-pem': [ '3.1.3' ],
47 silly audit   'graceful-fs': [ '4.2.9' ],
47 silly audit   growl: [ '1.10.5' ],
47 silly audit   gtoken: [ '5.1.0' ],
47 silly audit   mime: [ '2.4.7', '1.6.0' ],
47 silly audit   hasha: [ '5.2.2' ],
47 silly audit   he: [ '1.2.0' ],
47 silly audit   'html-escaper': [ '2.0.2' ],
47 silly audit   'http-errors': [ '1.7.2' ],
47 silly audit   'https-proxy-agent': [ '5.0.0' ],
47 silly audit   'iconv-lite': [ '0.4.24' ],
47 silly audit   imurmurhash: [ '0.1.4' ],
47 silly audit   'indent-string': [ '4.0.0' ],
47 silly audit   inflight: [ '1.0.6' ],
47 silly audit   inherits: [ '2.0.3' ],
47 silly audit   'ipaddr.js': [ '1.9.0' ],
47 silly audit   'is-binary-path': [ '2.1.0' ],
47 silly audit   'is-extglob': [ '2.1.1' ],
47 silly audit   'is-fullwidth-code-point': [ '3.0.0' ],
47 silly audit   'is-glob': [ '4.0.3' ],
47 silly audit   'is-number': [ '7.0.0' ],
47 silly audit   'is-plain-obj': [ '2.1.0' ],
47 silly audit   'is-stream': [ '2.0.1' ],
47 silly audit   'is-stream-ended': [ '0.1.4' ],
47 silly audit   'is-typedarray': [ '1.0.0' ],
47 silly audit   'is-unicode-supported': [ '0.1.0' ],
47 silly audit   'is-windows': [ '1.0.2' ],
47 silly audit   isarray: [ '1.0.0' ],
47 silly audit   isexe: [ '2.0.0' ],
47 silly audit   'istanbul-lib-coverage': [ '3.2.0' ],
47 silly audit   'istanbul-lib-hook': [ '3.0.0' ],
47 silly audit   'istanbul-lib-instrument': [ '4.0.3' ],
47 silly audit   'istanbul-lib-processinfo': [ '2.0.2' ],
47 silly audit   'istanbul-lib-report': [ '3.0.0' ],
47 silly audit   'istanbul-lib-source-maps': [ '4.0.1' ],
47 silly audit   'source-map': [ '0.6.1', '0.5.7' ],
47 silly audit   'istanbul-reports': [ '3.1.4' ],
47 silly audit   'js-tokens': [ '4.0.0' ],
47 silly audit   jsesc: [ '2.5.2' ],
47 silly audit   'json-bigint': [ '1.0.0' ],
47 silly audit   json5: [ '2.2.0' ],
47 silly audit   jwa: [ '2.0.0' ],
47 silly audit   jws: [ '4.0.0' ],
47 silly audit   'lodash.camelcase': [ '4.3.0' ],
47 silly audit   'lodash.flattendeep': [ '4.4.0' ],
47 silly audit   'log-symbols': [ '4.1.0' ],
47 silly audit   long: [ '4.0.0' ],
47 silly audit   'make-dir': [ '3.1.0' ],
47 silly audit   'media-typer': [ '0.3.0' ],
47 silly audit   'merge-descriptors': [ '1.0.1' ],
47 silly audit   methods: [ '1.1.2' ],
47 silly audit   'mime-db': [ '1.40.0' ],
47 silly audit   'mime-types': [ '2.1.24' ],
47 silly audit   minimatch: [ '3.0.4' ],
47 silly audit   minimist: [ '1.2.6' ],
47 silly audit   mocha: [ '9.2.1' ],
47 silly audit   nanoid: [ '3.2.0' ],
47 silly audit   negotiator: [ '0.6.2' ],
47 silly audit   'node-fetch': [ '2.6.7' ],
47 silly audit   'node-forge': [ '1.3.0' ],
47 silly audit   'node-preload': [ '0.2.1' ],
47 silly audit   'node-releases': [ '2.0.2' ],
47 silly audit   'normalize-path': [ '3.0.0' ],
47 silly audit   nyc: [ '15.1.0' ],
47 silly audit   'wrap-ansi': [ '6.2.0', '7.0.0' ],
47 silly audit   y18n: [ '4.0.3', '5.0.8' ],
47 silly audit   yargs: [ '15.4.1', '16.2.0' ],
47 silly audit   'yargs-parser': [ '18.1.3', '20.2.4' ],
47 silly audit   'on-finished': [ '2.3.0' ],
47 silly audit   once: [ '1.4.0' ],
47 silly audit   'p-map': [ '3.0.0' ],
47 silly audit   'p-try': [ '2.2.0' ],
47 silly audit   'package-hash': [ '4.0.0' ],
47 silly audit   parseurl: [ '1.3.3' ],
47 silly audit   'path-exists': [ '4.0.0' ],
47 silly audit   'path-is-absolute': [ '1.0.1' ],
47 silly audit   'path-key': [ '3.1.1' ],
47 silly audit   'path-to-regexp': [ '0.1.7' ],
47 silly audit   pathval: [ '1.1.1' ],
47 silly audit   picocolors: [ '1.0.0' ],
47 silly audit   picomatch: [ '2.3.1' ],
47 silly audit   'pkg-dir': [ '4.2.0' ],
47 silly audit   'process-nextick-args': [ '2.0.1' ],
47 silly audit   'process-on-spawn': [ '1.0.0' ],
47 silly audit   protobufjs: [ '6.10.2' ],
47 silly audit   'proxy-addr': [ '2.0.5' ],
47 silly audit   qs: [ '6.7.0' ],
47 silly audit   randombytes: [ '2.1.0' ],
47 silly audit   'range-parser': [ '1.2.1' ],
47 silly audit   'raw-body': [ '2.4.0' ],
47 silly audit   readdirp: [ '3.6.0' ],
47 silly audit   'release-zalgo': [ '1.0.0' ],
47 silly audit   'require-directory': [ '2.1.1' ],
47 silly audit   'require-main-filename': [ '2.0.0' ],
47 silly audit   'resolve-from': [ '5.0.0' ],
47 silly audit   'retry-request': [ '4.1.3' ],
47 silly audit   rimraf: [ '3.0.2' ],
47 silly audit   'safe-buffer': [ '5.1.2' ],
47 silly audit   'safer-buffer': [ '2.1.2' ],
47 silly audit   semver: [ '6.3.0' ],
47 silly audit   send: [ '0.17.1' ],
47 silly audit   'serialize-javascript': [ '6.0.0' ],
47 silly audit   'serve-static': [ '1.14.1' ],
47 silly audit   'set-blocking': [ '2.0.0' ],
47 silly audit   setprototypeof: [ '1.1.1' ],
47 silly audit   'shebang-command': [ '2.0.0' ],
47 silly audit   'shebang-regex': [ '3.0.0' ],
47 silly audit   'signal-exit': [ '3.0.7' ],
47 silly audit   'spawn-wrap': [ '2.0.0' ],
47 silly audit   'sprintf-js': [ '1.0.3' ],
47 silly audit   statuses: [ '1.5.0' ],
47 silly audit   'stream-shift': [ '1.0.1' ],
47 silly audit   string_decoder: [ '1.1.1' ],
47 silly audit   'string-width': [ '4.2.3' ],
47 silly audit   'strip-ansi': [ '6.0.1' ],
47 silly audit   'strip-bom': [ '4.0.0' ],
47 silly audit   'strip-json-comments': [ '3.1.1' ],
47 silly audit   superagent: [ '3.8.3' ],
47 silly audit   supertest: [ '4.0.2' ],
47 silly audit   'test-exclude': [ '6.0.0' ],
47 silly audit   'to-fast-properties': [ '2.0.0' ],
47 silly audit   'to-regex-range': [ '5.0.1' ],
47 silly audit   toidentifier: [ '1.0.0' ],
47 silly audit   tr46: [ '0.0.3' ],
47 silly audit   'type-detect': [ '4.0.8' ],
47 silly audit   'type-fest': [ '0.8.1' ],
47 silly audit   'type-is': [ '1.6.18' ],
47 silly audit   'typedarray-to-buffer': [ '3.1.5' ],
47 silly audit   unpipe: [ '1.0.0' ],
47 silly audit   'util-deprecate': [ '1.0.2' ],
47 silly audit   'utils-merge': [ '1.0.1' ],
47 silly audit   uuid: [ '3.4.0' ],
47 silly audit   vary: [ '1.1.2' ],
47 silly audit   'webidl-conversions': [ '3.0.1' ],
47 silly audit   'whatwg-url': [ '5.0.0' ],
47 silly audit   which: [ '2.0.2' ],
47 silly audit   'which-module': [ '2.0.0' ],
47 silly audit   workerpool: [ '6.2.0' ],
47 silly audit   wrappy: [ '1.0.2' ],
47 silly audit   'write-file-atomic': [ '3.0.3' ],
47 silly audit   'yargs-unparser': [ '2.0.0' ],
47 silly audit   'yocto-queue': [ '0.1.0' ]
47 silly audit }
48 verbose reify failed optional dependency /home/user203/sample-Firestore/internal/node_modules/fsevents
49 silly reify mark deleted [ '/home/user203/sample-Firestore/internal/node_modules/fsevents' ]
50 timing reifyNode:node_modules/fsevents Completed in 48ms
51 timing reify:unpack Completed in 48ms
52 timing reify:unretire Completed in 0ms
53 timing build:queue Completed in 5ms
54 timing build:deps Completed in 5ms
55 timing build Completed in 6ms
56 timing reify:build Completed in 6ms
57 timing reify:trash Completed in 1ms
58 timing reify:save Completed in 134ms
59 http fetch POST 200 https://registry.npmjs.org/-/npm/v1/security/advisories/bulk 350ms
60 timing auditReport:getReport Completed in 361ms
61 silly audit report {
61 silly audit report   cookiejar: [
61 silly audit report     {
61 silly audit report       id: 1088659,
61 silly audit report       url: 'https://github.com/advisories/GHSA-h452-7996-h45h',
61 silly audit report       title: 'cookiejar Regular Expression Denial of Service via Cookie.parse function',
61 silly audit report       severity: 'moderate',
61 silly audit report       vulnerable_versions: '<2.1.4',
61 silly audit report       cwe: [Array],
61 silly audit report       cvss: [Object]
61 silly audit report     }
61 silly audit report   ],
61 silly audit report   json5: [
61 silly audit report     {
61 silly audit report       id: 1092426,
61 silly audit report       url: 'https://github.com/advisories/GHSA-9c47-m6qq-7p4h',
61 silly audit report       title: 'Prototype Pollution in JSON5 via Parse Method',
61 silly audit report       severity: 'high',
61 silly audit report       vulnerable_versions: '>=2.0.0 <2.2.2',
61 silly audit report       cwe: [Array],
61 silly audit report       cvss: [Object]
61 silly audit report     }
61 silly audit report   ],
61 silly audit report   minimatch: [
61 silly audit report     {
61 silly audit report       id: 1092637,
61 silly audit report       url: 'https://github.com/advisories/GHSA-f8q6-p94x-37v3',
61 silly audit report       title: 'minimatch ReDoS vulnerability',
61 silly audit report       severity: 'high',
61 silly audit report       vulnerable_versions: '<3.0.5',
61 silly audit report       cwe: [Array],
61 silly audit report       cvss: [Object]
61 silly audit report     }
61 silly audit report   ],
61 silly audit report   protobufjs: [
61 silly audit report     {
61 silly audit report       id: 1091474,
61 silly audit report       url: 'https://github.com/advisories/GHSA-g954-5hwp-pp24',
61 silly audit report       title: 'Prototype Pollution in protobufjs',
61 silly audit report       severity: 'high',
61 silly audit report       vulnerable_versions: '>=6.10.0 <6.10.3',
61 silly audit report       cwe: [Array],
61 silly audit report       cvss: [Object]
61 silly audit report     },
61 silly audit report     {
61 silly audit report       id: 1092429,
61 silly audit report       url: 'https://github.com/advisories/GHSA-h755-8qp9-cq85',
61 silly audit report       title: 'protobufjs Prototype Pollution vulnerability',
61 silly audit report       severity: 'high',
61 silly audit report       vulnerable_versions: '>=6.10.0 <7.2.4',
61 silly audit report       cwe: [Array],
61 silly audit report       cvss: [Object]
61 silly audit report     }
61 silly audit report   ],
61 silly audit report   qs: [
61 silly audit report     {
61 silly audit report       id: 1090137,
61 silly audit report       url: 'https://github.com/advisories/GHSA-hrpp-h998-j3pp',
61 silly audit report       title: 'qs vulnerable to Prototype Pollution',
61 silly audit report       severity: 'high',
61 silly audit report       vulnerable_versions: '>=6.7.0 <6.7.3',
61 silly audit report       cwe: [Array],
61 silly audit report       cvss: [Object]
61 silly audit report     }
61 silly audit report   ],
61 silly audit report   semver: [
61 silly audit report     {
61 silly audit report       id: 1092460,
61 silly audit report       url: 'https://github.com/advisories/GHSA-c2qf-rxjj-qqgw',
61 silly audit report       title: 'semver vulnerable to Regular Expression Denial of Service',
61 silly audit report       severity: 'moderate',
61 silly audit report       vulnerable_versions: '>=6.0.0 <6.3.1',
61 silly audit report       cwe: [Array],
61 silly audit report       cvss: [Object]
61 silly audit report     }
61 silly audit report   ]
61 silly audit report }
62 timing metavuln:cache:get:security-advisory:cookiejar:20tDwH6fYKn++PbMnx2tUulmtbaV/gdoUXXQX3IJ8Qzg+tx34k0HmLCCRQ68aR/TWyVmR5LbQdagWrak8dhhtw== Completed in 13ms
63 timing metavuln:cache:get:security-advisory:json5:rnNBKxOMGkgMhTtjIGTOs9l71MKZ1fy3FxblbSuHNYBlIiQ6zbSo5YHFTgHN3LnkxMq55Tx1fWDiFOQdGTR9LQ== Completed in 12ms
64 timing metavuln:cache:get:security-advisory:minimatch:p95wqm4LFYda8MqIRhnJXQzvuVqj41xyGSOJfNTqDPjDKg480m5l2FhiUVP1JR7YWhTNbFJAK29w5AyMROsYuQ== Completed in 12ms
65 timing metavuln:cache:get:security-advisory:protobufjs:LEkXy5i5JuckN8YGt6fEJ3UPQ/m5DFYllMBK5HLMlHwM656NanlP+HLmUh9adkvscsykBpNEHgm6F6jNP4n8dA== Completed in 11ms
66 timing metavuln:cache:get:security-advisory:protobufjs:hDx6kKPbRe6JOVYaCmqnWmhS+YFmZ4n52elvfZ2nGGZQGnCAbfFjjAqy31daOo0qr3iP7YiI6pqqoxHh8plH8Q== Completed in 11ms
67 timing metavuln:cache:get:security-advisory:qs:5JfVCrV4+n++/kE/U6tbz1htdIKthjszBZ/3DGOpXr4TrS2TWdskvqnfC0J2bHwpFaV2XKOnUs/VJfDAqg7rVw== Completed in 12ms
68 timing metavuln:cache:get:security-advisory:semver:kAFjC+gZYE0hg0fnwRCthyeJmOP92DfFUBq7TwOAbcgH8333wOUXJiBMf3cV5pyGPYsWeSSSBLLcOEcTn3mGyA== Completed in 11ms
69 http fetch GET 200 https://registry.npmjs.org/json5 33ms (cache hit)
70 timing metavuln:packument:json5 Completed in 34ms
71 timing metavuln:load:security-advisory:json5:1092426 Completed in 1ms
72 timing metavuln:calculate:security-advisory:json5:1092426 Completed in 35ms
73 http fetch GET 200 https://registry.npmjs.org/minimatch 35ms (cache hit)
74 timing metavuln:packument:minimatch Completed in 37ms
75 timing metavuln:load:security-advisory:minimatch:1092637 Completed in 1ms
76 timing metavuln:calculate:security-advisory:minimatch:1092637 Completed in 38ms
77 http fetch GET 200 https://registry.npmjs.org/protobufjs 38ms (cache hit)
78 timing metavuln:packument:protobufjs Completed in 41ms
79 timing metavuln:load:security-advisory:protobufjs:1091474 Completed in 1ms
80 timing metavuln:calculate:security-advisory:protobufjs:1091474 Completed in 42ms
81 timing metavuln:load:security-advisory:protobufjs:1092429 Completed in 1ms
82 timing metavuln:calculate:security-advisory:protobufjs:1092429 Completed in 43ms
83 http fetch GET 200 https://registry.npmjs.org/qs 43ms (cache hit)
84 timing metavuln:packument:qs Completed in 45ms
85 timing metavuln:load:security-advisory:qs:1090137 Completed in 1ms
86 timing metavuln:calculate:security-advisory:qs:1090137 Completed in 46ms
87 http fetch GET 200 https://registry.npmjs.org/semver 45ms (cache hit)
88 timing metavuln:packument:semver Completed in 46ms
89 timing metavuln:load:security-advisory:semver:1092460 Completed in 1ms
90 timing metavuln:calculate:security-advisory:semver:1092460 Completed in 47ms
91 http fetch GET 200 https://registry.npmjs.org/cookiejar 50ms (cache hit)
92 timing metavuln:packument:cookiejar Completed in 52ms
93 timing metavuln:load:security-advisory:cookiejar:1088659 Completed in 0ms
94 timing metavuln:calculate:security-advisory:cookiejar:1088659 Completed in 52ms
95 timing metavuln:cache:get:security-advisory:superagent:v4XmEgjuBkBpiLo5I4SV16ElFl6TaCr+4OWq2jQCfpSR7t3vq29GwZ0D254lhsBHl/TfClBSkZa7fTu13c0xtQ== Completed in 3ms
96 http fetch GET 200 https://registry.npmjs.org/superagent 6ms (cache hit)
97 timing metavuln:packument:superagent Completed in 10ms
98 timing metavuln:load:security-advisory:superagent:20tDwH6fYKn++PbMnx2tUulmtbaV/gdoUXXQX3IJ8Qzg+tx34k0HmLCCRQ68aR/TWyVmR5LbQdagWrak8dhhtw== Completed in 2ms
99 timing metavuln:calculate:security-advisory:superagent:20tDwH6fYKn++PbMnx2tUulmtbaV/gdoUXXQX3IJ8Qzg+tx34k0HmLCCRQ68aR/TWyVmR5LbQdagWrak8dhhtw== Completed in 13ms
100 timing metavuln:cache:get:security-advisory:@babel/core:s47bo7W+eF5Uchc33Avu/8W7GcFbTXy4rM78s5et6q+gFwP0Oo0LSBsrTRYakK08+Mu3UUQWB3hkq4YG2Km2aw== Completed in 3ms
101 http fetch GET 200 https://registry.npmjs.org/@babel%2fcore 7ms (cache hit)
102 timing metavuln:packument:@babel/core Completed in 12ms
103 timing metavuln:load:security-advisory:@babel/core:rnNBKxOMGkgMhTtjIGTOs9l71MKZ1fy3FxblbSuHNYBlIiQ6zbSo5YHFTgHN3LnkxMq55Tx1fWDiFOQdGTR9LQ== Completed in 1ms
104 timing metavuln:calculate:security-advisory:@babel/core:rnNBKxOMGkgMhTtjIGTOs9l71MKZ1fy3FxblbSuHNYBlIiQ6zbSo5YHFTgHN3LnkxMq55Tx1fWDiFOQdGTR9LQ== Completed in 14ms
105 timing metavuln:cache:get:security-advisory:glob:D1eGkUenocKIEzLL98b8kGGyCsMFzJmW+bo1loOQwvB/5Pab5Wm/oczmN1KdqqoneXSlImTW7/9POlaNzEl48A== Completed in 7ms
106 timing metavuln:cache:get:security-advisory:mocha:zVViDN/CepLapW9sSvSkk93Zr8MY8kdFOkDtQSYFB5xN3aJqOeEfVeEmexi4Ba432l7i4Pmhk0UX9TN89892zg== Completed in 6ms
107 timing metavuln:cache:get:security-advisory:test-exclude:k9MtPq6+4DtMtCQQ9HC4cIkSA0vFxnw/ZgnYA5+g4qWpBYu+amNC5DWlRWZC0e4SCKY60vvwg9v9emW8el6IWA== Completed in 6ms
108 http fetch GET 200 https://registry.npmjs.org/glob 12ms (cache hit)
109 timing metavuln:packument:glob Completed in 14ms
110 timing metavuln:load:security-advisory:glob:p95wqm4LFYda8MqIRhnJXQzvuVqj41xyGSOJfNTqDPjDKg480m5l2FhiUVP1JR7YWhTNbFJAK29w5AyMROsYuQ== Completed in 1ms
111 timing metavuln:calculate:security-advisory:glob:p95wqm4LFYda8MqIRhnJXQzvuVqj41xyGSOJfNTqDPjDKg480m5l2FhiUVP1JR7YWhTNbFJAK29w5AyMROsYuQ== Completed in 16ms
112 http fetch GET 200 https://registry.npmjs.org/test-exclude 14ms (cache hit)
113 timing metavuln:packument:test-exclude Completed in 15ms
114 timing metavuln:load:security-advisory:test-exclude:p95wqm4LFYda8MqIRhnJXQzvuVqj41xyGSOJfNTqDPjDKg480m5l2FhiUVP1JR7YWhTNbFJAK29w5AyMROsYuQ== Completed in 0ms
115 timing metavuln:calculate:security-advisory:test-exclude:p95wqm4LFYda8MqIRhnJXQzvuVqj41xyGSOJfNTqDPjDKg480m5l2FhiUVP1JR7YWhTNbFJAK29w5AyMROsYuQ== Completed in 15ms
116 http fetch GET 200 https://registry.npmjs.org/mocha 16ms (cache hit)
117 timing metavuln:packument:mocha Completed in 23ms
118 timing metavuln:load:security-advisory:mocha:p95wqm4LFYda8MqIRhnJXQzvuVqj41xyGSOJfNTqDPjDKg480m5l2FhiUVP1JR7YWhTNbFJAK29w5AyMROsYuQ== Completed in 1ms
119 timing metavuln:calculate:security-advisory:mocha:p95wqm4LFYda8MqIRhnJXQzvuVqj41xyGSOJfNTqDPjDKg480m5l2FhiUVP1JR7YWhTNbFJAK29w5AyMROsYuQ== Completed in 24ms
120 timing metavuln:cache:get:security-advisory:@grpc/proto-loader:UXiArFk+vfhSXeQ4S+EVFSjF+uS2tl+1/mmj9/xpsYtWpLEirMD1JLS1gIvIKQ4iz+Fk/Y9sF8F8a5443dDzJA== Completed in 7ms
121 timing metavuln:cache:get:security-advisory:google-gax:SGSjKlc8dHHYi0NvAZXNbaZiXZ8goVMBU24WGklIeQbZLhS3zO3t6XjgTqHcQOwy1QGfFHw+z0TlJTqRbcQR9g== Completed in 6ms
122 http fetch GET 200 https://registry.npmjs.org/@grpc%2fproto-loader 14ms (cache hit)
123 timing metavuln:packument:@grpc/proto-loader Completed in 16ms
124 timing metavuln:load:security-advisory:@grpc/proto-loader:LEkXy5i5JuckN8YGt6fEJ3UPQ/m5DFYllMBK5HLMlHwM656NanlP+HLmUh9adkvscsykBpNEHgm6F6jNP4n8dA== Completed in 0ms
125 timing metavuln:calculate:security-advisory:@grpc/proto-loader:LEkXy5i5JuckN8YGt6fEJ3UPQ/m5DFYllMBK5HLMlHwM656NanlP+HLmUh9adkvscsykBpNEHgm6F6jNP4n8dA== Completed in 16ms
126 http fetch GET 200 https://registry.npmjs.org/google-gax 19ms (cache hit)
127 timing metavuln:packument:google-gax Completed in 33ms
128 timing metavuln:load:security-advisory:google-gax:LEkXy5i5JuckN8YGt6fEJ3UPQ/m5DFYllMBK5HLMlHwM656NanlP+HLmUh9adkvscsykBpNEHgm6F6jNP4n8dA== Completed in 3ms
129 timing metavuln:calculate:security-advisory:google-gax:LEkXy5i5JuckN8YGt6fEJ3UPQ/m5DFYllMBK5HLMlHwM656NanlP+HLmUh9adkvscsykBpNEHgm6F6jNP4n8dA== Completed in 36ms
130 timing metavuln:cache:get:security-advisory:body-parser:tNB9LlcJ7DzMd0cMlwHc6I9OLaQlZpKEAN94Rvc3zZUvYYWGqa4rF2Mqwjg3MIJ5HJZVNbqXWgscCy84jrKU/g== Completed in 6ms
131 timing metavuln:cache:get:security-advisory:express:j8JzSk+dp4eoSO7k9KPqDNXSWeQZuQeMLFfZ9lXlCzkTBefzH5YJStOkrdeBuhyiHlSMBR1HPe7yKSc5bmTVFA== Completed in 5ms
132 timing metavuln:cache:get:security-advisory:superagent:lvkJE1rCNqmtHxeCV8lOT4GfbjrYTPADFOSj4Y+U/OtSebfUurUA87ZmkI2OTDPLYDp+tZQ1BdJStkEScTPiNA== Completed in 5ms
133 timing metavuln:load:security-advisory:superagent:5JfVCrV4+n++/kE/U6tbz1htdIKthjszBZ/3DGOpXr4TrS2TWdskvqnfC0J2bHwpFaV2XKOnUs/VJfDAqg7rVw== Completed in 2ms
134 timing metavuln:calculate:security-advisory:superagent:5JfVCrV4+n++/kE/U6tbz1htdIKthjszBZ/3DGOpXr4TrS2TWdskvqnfC0J2bHwpFaV2XKOnUs/VJfDAqg7rVw== Completed in 7ms
135 http fetch GET 200 https://registry.npmjs.org/body-parser 18ms (cache hit)
136 timing metavuln:packument:body-parser Completed in 21ms
137 timing metavuln:load:security-advisory:body-parser:5JfVCrV4+n++/kE/U6tbz1htdIKthjszBZ/3DGOpXr4TrS2TWdskvqnfC0J2bHwpFaV2XKOnUs/VJfDAqg7rVw== Completed in 0ms
138 timing metavuln:calculate:security-advisory:body-parser:5JfVCrV4+n++/kE/U6tbz1htdIKthjszBZ/3DGOpXr4TrS2TWdskvqnfC0J2bHwpFaV2XKOnUs/VJfDAqg7rVw== Completed in 21ms
139 http fetch GET 200 https://registry.npmjs.org/express 21ms (cache hit)
140 timing metavuln:packument:express Completed in 25ms
141 timing metavuln:load:security-advisory:express:5JfVCrV4+n++/kE/U6tbz1htdIKthjszBZ/3DGOpXr4TrS2TWdskvqnfC0J2bHwpFaV2XKOnUs/VJfDAqg7rVw== Completed in 1ms
142 timing metavuln:calculate:security-advisory:express:5JfVCrV4+n++/kE/U6tbz1htdIKthjszBZ/3DGOpXr4TrS2TWdskvqnfC0J2bHwpFaV2XKOnUs/VJfDAqg7rVw== Completed in 26ms
143 timing metavuln:cache:get:security-advisory:@babel/core:C/MB/DG+EN3Gc5MMip1aeJA8d2yIR9eyxIxgU80TIrdFcvKaIVZi3PdOvNmNzmFHkuiHeCr0rbJKqfQcsFtD0Q== Completed in 5ms
144 timing metavuln:load:security-advisory:@babel/core:kAFjC+gZYE0hg0fnwRCthyeJmOP92DfFUBq7TwOAbcgH8333wOUXJiBMf3cV5pyGPYsWeSSSBLLcOEcTn3mGyA== Completed in 1ms
145 timing metavuln:calculate:security-advisory:@babel/core:kAFjC+gZYE0hg0fnwRCthyeJmOP92DfFUBq7TwOAbcgH8333wOUXJiBMf3cV5pyGPYsWeSSSBLLcOEcTn3mGyA== Completed in 6ms
146 timing metavuln:cache:get:security-advisory:@babel/helper-compilation-targets:TNt+ykEqnBWGOK5aPl/9+dV3UzZ8MZbXovVzjXtTGIHB2D0CE5Cimoxjs493z+kmJ/+zpXyfAdaktrnjbDmMYw== Completed in 8ms
147 timing metavuln:cache:get:security-advisory:@grpc/grpc-js:R0WWTO+s3BmJsYKAF99PiOEMBVUOMx2VDlJrEJkEmXXQzLr8fQIpeAuzX3dCWFhp7hWmigIJDGNfeCwPyUxivQ== Completed in 8ms
148 timing metavuln:cache:get:security-advisory:istanbul-lib-instrument:uH0G1pfO6b4cgSxKdxQvU1YrKC/fzHnE5ltTYbnXJ+3ZYq33oSYu5u8gcMOLh4RShCOawhrpddM7up7rm/7/hw== Completed in 7ms
149 timing metavuln:cache:get:security-advisory:make-dir:weuzECRx3sHGwZBPCFAOw+reXIrADTbGbizJp0ZnSLHBnHRwvI+KfkBVtBE5QdNKsk3MslUtnkTJvuEn4vDUEA== Completed in 8ms
150 http fetch GET 200 https://registry.npmjs.org/@babel%2fhelper-compilation-targets 14ms (cache hit)
151 timing metavuln:packument:@babel/helper-compilation-targets Completed in 15ms
152 timing metavuln:load:security-advisory:@babel/helper-compilation-targets:kAFjC+gZYE0hg0fnwRCthyeJmOP92DfFUBq7TwOAbcgH8333wOUXJiBMf3cV5pyGPYsWeSSSBLLcOEcTn3mGyA== Completed in 1ms
153 timing metavuln:calculate:security-advisory:@babel/helper-compilation-targets:kAFjC+gZYE0hg0fnwRCthyeJmOP92DfFUBq7TwOAbcgH8333wOUXJiBMf3cV5pyGPYsWeSSSBLLcOEcTn3mGyA== Completed in 16ms
154 http fetch GET 200 https://registry.npmjs.org/@grpc%2fgrpc-js 16ms (cache hit)
155 timing metavuln:packument:@grpc/grpc-js Completed in 19ms
156 timing metavuln:load:security-advisory:@grpc/grpc-js:kAFjC+gZYE0hg0fnwRCthyeJmOP92DfFUBq7TwOAbcgH8333wOUXJiBMf3cV5pyGPYsWeSSSBLLcOEcTn3mGyA== Completed in 0ms
157 timing metavuln:calculate:security-advisory:@grpc/grpc-js:kAFjC+gZYE0hg0fnwRCthyeJmOP92DfFUBq7TwOAbcgH8333wOUXJiBMf3cV5pyGPYsWeSSSBLLcOEcTn3mGyA== Completed in 19ms
158 http fetch GET 200 https://registry.npmjs.org/istanbul-lib-instrument 20ms (cache hit)
159 timing metavuln:packument:istanbul-lib-instrument Completed in 21ms
160 timing metavuln:load:security-advisory:istanbul-lib-instrument:kAFjC+gZYE0hg0fnwRCthyeJmOP92DfFUBq7TwOAbcgH8333wOUXJiBMf3cV5pyGPYsWeSSSBLLcOEcTn3mGyA== Completed in 0ms
161 timing metavuln:calculate:security-advisory:istanbul-lib-instrument:kAFjC+gZYE0hg0fnwRCthyeJmOP92DfFUBq7TwOAbcgH8333wOUXJiBMf3cV5pyGPYsWeSSSBLLcOEcTn3mGyA== Completed in 21ms
162 http fetch GET 200 https://registry.npmjs.org/make-dir 20ms (cache hit)
163 timing metavuln:packument:make-dir Completed in 22ms
164 timing metavuln:load:security-advisory:make-dir:kAFjC+gZYE0hg0fnwRCthyeJmOP92DfFUBq7TwOAbcgH8333wOUXJiBMf3cV5pyGPYsWeSSSBLLcOEcTn3mGyA== Completed in 0ms
165 timing metavuln:calculate:security-advisory:make-dir:kAFjC+gZYE0hg0fnwRCthyeJmOP92DfFUBq7TwOAbcgH8333wOUXJiBMf3cV5pyGPYsWeSSSBLLcOEcTn3mGyA== Completed in 22ms
166 timing metavuln:cache:get:security-advisory:express:vpTdEKI0W96TefM00CHKkXq16liW2itmvuOQ+cmpyJ+rRV0pX7/42dpaSX4LaYBlKmMU+SrIPmuFniFK4ZETig== Completed in 1ms
167 timing metavuln:load:security-advisory:express:tNB9LlcJ7DzMd0cMlwHc6I9OLaQlZpKEAN94Rvc3zZUvYYWGqa4rF2Mqwjg3MIJ5HJZVNbqXWgscCy84jrKU/g== Completed in 2ms
168 timing metavuln:calculate:security-advisory:express:tNB9LlcJ7DzMd0cMlwHc6I9OLaQlZpKEAN94Rvc3zZUvYYWGqa4rF2Mqwjg3MIJ5HJZVNbqXWgscCy84jrKU/g== Completed in 3ms
169 timing auditReport:init Completed in 206ms
170 timing reify:audit Completed in 570ms
171 timing reify Completed in 1032ms
172 silly ADD
173 timing command:install Completed in 1084ms
174 verbose exit 0
175 timing npm Completed in 1399ms
176 info ok
