0 verbose cli /usr/local/nvm/versions/node/v18.12.1/bin/node /usr/local/nvm/versions/node/v18.12.1/bin/npm
1 info using npm@9.8.1
2 info using node@v18.12.1
3 timing npm:load:whichnode Completed in 1ms
4 timing config:load:defaults Completed in 2ms
5 timing config:load:file:/usr/local/nvm/versions/node/v18.12.1/lib/node_modules/npm/npmrc Completed in 18ms
6 timing config:load:builtin Completed in 18ms
7 timing config:load:cli Completed in 11ms
8 timing config:load:env Completed in 0ms
9 timing config:load:file:/home/user203/sample-Firestore/external/.npmrc Completed in 0ms
10 timing config:load:project Completed in 2ms
11 timing config:load:file:/home/user203/.npmrc Completed in 0ms
12 timing config:load:user Completed in 1ms
13 timing config:load:file:/usr/local/nvm/versions/node/v18.12.1/etc/npmrc Completed in 0ms
14 timing config:load:global Completed in 0ms
15 timing config:load:setEnvs Completed in 1ms
16 timing config:load Completed in 38ms
17 timing npm:load:configload Completed in 38ms
18 timing config:load:flatten Completed in 3ms
19 timing npm:load:mkdirpcache Completed in 0ms
20 timing npm:load:mkdirplogs Completed in 0ms
21 verbose title npm install
22 verbose argv "install"
23 timing npm:load:setTitle Completed in 1ms
24 timing npm:load:display Completed in 1ms
25 verbose logfile logs-max:10 dir:/home/user203/.npm/_logs/2023-08-08T21_19_05_730Z-
26 verbose logfile /home/user203/.npm/_logs/2023-08-08T21_19_05_730Z-debug-0.log
27 timing npm:load:logFile Completed in 9ms
28 timing npm:load:timers Completed in 0ms
29 timing npm:load:configScope Completed in 0ms
30 timing npm:load Completed in 74ms
31 timing arborist:ctor Completed in 1ms
32 silly logfile done cleaning log files
33 timing idealTree:init Completed in 276ms
34 timing idealTree:userRequests Completed in 0ms
35 silly idealTree buildDeps
36 timing idealTree:#root Completed in 0ms
37 timing idealTree:buildDeps Completed in 2ms
38 timing idealTree:fixDepFlags Completed in 0ms
39 timing idealTree Completed in 285ms
40 timing arborist:ctor Completed in 0ms
41 timing reify:loadTrees Completed in 442ms
42 timing reify:diffTrees Completed in 9ms
43 silly reify moves {}
44 timing reify:retireShallow Completed in 1ms
45 timing reify:createSparse Completed in 2ms
46 timing reify:loadBundles Completed in 0ms
47 silly audit bulk request {
47 silly audit   '@ampproject/remapping': [ '2.1.2' ],
47 silly audit   '@babel/code-frame': [ '7.16.7' ],
47 silly audit   '@babel/compat-data': [ '7.17.0' ],
47 silly audit   '@babel/core': [ '7.17.5' ],
47 silly audit   debug: [ '4.3.3', '2.6.9', '3.2.6', '4.1.1' ],
47 silly audit   ms: [ '2.1.2', '2.0.0', '2.1.3', '2.1.1' ],
47 silly audit   semver: [ '6.3.0', '5.7.1' ],
47 silly audit   '@babel/generator': [ '7.17.3' ],
47 silly audit   'source-map': [ '0.5.7', '0.6.1' ],
47 silly audit   '@babel/helper-compilation-targets': [ '7.16.7' ],
47 silly audit   '@babel/helper-environment-visitor': [ '7.16.7' ],
47 silly audit   '@babel/helper-function-name': [ '7.16.7' ],
47 silly audit   '@babel/helper-get-function-arity': [ '7.16.7' ],
47 silly audit   '@babel/helper-hoist-variables': [ '7.16.7' ],
47 silly audit   '@babel/helper-module-imports': [ '7.16.7' ],
47 silly audit   '@babel/helper-module-transforms': [ '7.17.6' ],
47 silly audit   '@babel/helper-simple-access': [ '7.16.7' ],
47 silly audit   '@babel/helper-split-export-declaration': [ '7.16.7' ],
47 silly audit   '@babel/helper-validator-identifier': [ '7.16.7' ],
47 silly audit   '@babel/helper-validator-option': [ '7.16.7' ],
47 silly audit   '@babel/helpers': [ '7.17.2' ],
47 silly audit   '@babel/highlight': [ '7.16.10' ],
47 silly audit   'ansi-styles': [ '3.2.1', '4.3.0' ],
47 silly audit   chalk: [ '2.4.2', '4.1.2' ],
47 silly audit   'color-convert': [ '1.9.3', '2.0.1' ],
47 silly audit   'color-name': [ '1.1.3', '1.1.4' ],
47 silly audit   'escape-string-regexp': [ '1.0.5', '4.0.0' ],
47 silly audit   'has-flag': [ '3.0.0', '4.0.0' ],
47 silly audit   'supports-color': [ '5.5.0', '7.2.0', '8.1.1' ],
47 silly audit   '@babel/parser': [ '7.17.3' ],
47 silly audit   '@babel/template': [ '7.16.7' ],
47 silly audit   '@babel/traverse': [ '7.17.3' ],
47 silly audit   '@babel/types': [ '7.17.0' ],
47 silly audit   '@istanbuljs/load-nyc-config': [ '1.1.0' ],
47 silly audit   argparse: [ '1.0.10', '2.0.1' ],
47 silly audit   'find-up': [ '4.1.0', '5.0.0' ],
47 silly audit   'js-yaml': [ '3.14.1', '4.1.0' ],
47 silly audit   'locate-path': [ '5.0.0', '6.0.0' ],
47 silly audit   'p-limit': [ '2.3.0', '3.1.0' ],
47 silly audit   'p-locate': [ '4.1.0', '5.0.0' ],
47 silly audit   '@istanbuljs/schema': [ '0.1.3' ],
47 silly audit   '@jridgewell/resolve-uri': [ '3.0.5' ],
47 silly audit   '@jridgewell/sourcemap-codec': [ '1.4.11' ],
47 silly audit   '@jridgewell/trace-mapping': [ '0.3.4' ],
47 silly audit   '@ungap/promise-all-settled': [ '1.1.2' ],
47 silly audit   accepts: [ '1.3.7' ],
47 silly audit   'aggregate-error': [ '3.1.0' ],
47 silly audit   ajv: [ '6.12.6' ],
47 silly audit   'ansi-colors': [ '4.1.1' ],
47 silly audit   'ansi-regex': [ '5.0.1' ],
47 silly audit   anymatch: [ '3.1.2' ],
47 silly audit   'append-transform': [ '2.0.0' ],
47 silly audit   archy: [ '1.0.0' ],
47 silly audit   'array-flatten': [ '1.1.1' ],
47 silly audit   asn1: [ '0.2.4' ],
47 silly audit   'assert-plus': [ '1.0.0' ],
47 silly audit   'assertion-error': [ '1.1.0' ],
47 silly audit   asynckit: [ '0.4.0' ],
47 silly audit   'aws-sign2': [ '0.7.0' ],
47 silly audit   aws4: [ '1.9.1' ],
47 silly audit   'balanced-match': [ '1.0.0' ],
47 silly audit   'bcrypt-pbkdf': [ '1.0.2' ],
47 silly audit   'binary-extensions': [ '2.2.0' ],
47 silly audit   'body-parser': [ '1.19.0' ],
47 silly audit   qs: [ '6.7.0', '6.8.0', '6.5.2' ],
47 silly audit   'brace-expansion': [ '1.1.11' ],
47 silly audit   braces: [ '3.0.2' ],
47 silly audit   'browser-stdout': [ '1.3.1' ],
47 silly audit   browserslist: [ '4.19.3' ],
47 silly audit   bytes: [ '3.1.0' ],
47 silly audit   'caching-transform': [ '4.0.0' ],
47 silly audit   camelcase: [ '5.3.1', '6.3.0' ],
47 silly audit   'caniuse-lite': [ '1.0.30001312' ],
47 silly audit   caseless: [ '0.12.0' ],
47 silly audit   chai: [ '4.2.0' ],
47 silly audit   'check-error': [ '1.0.2' ],
47 silly audit   chokidar: [ '3.5.3' ],
47 silly audit   'clean-stack': [ '2.2.0' ],
47 silly audit   cliui: [ '7.0.4', '6.0.0' ],
47 silly audit   'combined-stream': [ '1.0.8' ],
47 silly audit   commander: [ '2.20.3' ],
47 silly audit   commondir: [ '1.0.1' ],
47 silly audit   'component-emitter': [ '1.3.0' ],
47 silly audit   'concat-map': [ '0.0.1' ],
47 silly audit   'content-disposition': [ '0.5.3' ],
47 silly audit   'content-type': [ '1.0.4' ],
47 silly audit   'convert-source-map': [ '1.8.0' ],
47 silly audit   cookie: [ '0.4.0' ],
47 silly audit   'cookie-signature': [ '1.0.6' ],
47 silly audit   cookiejar: [ '2.1.2' ],
47 silly audit   'core-util-is': [ '1.0.2' ],
47 silly audit   'cross-spawn': [ '7.0.3' ],
47 silly audit   dashdash: [ '1.14.1' ],
47 silly audit   decamelize: [ '1.2.0', '4.0.0' ],
47 silly audit   'deep-eql': [ '3.0.1' ],
47 silly audit   'deep-equal': [ '1.1.0' ],
47 silly audit   'default-require-extensions': [ '3.0.0' ],
47 silly audit   'define-properties': [ '1.1.3' ],
47 silly audit   'delayed-stream': [ '1.0.0' ],
47 silly audit   depd: [ '1.1.2' ],
47 silly audit   destroy: [ '1.0.4' ],
47 silly audit   diff: [ '5.0.0' ],
47 silly audit   'ecc-jsbn': [ '0.1.2' ],
47 silly audit   'ee-first': [ '1.1.1' ],
47 silly audit   'electron-to-chromium': [ '1.4.75' ],
47 silly audit   'emoji-regex': [ '8.0.0' ],
47 silly audit   encodeurl: [ '1.0.2' ],
47 silly audit   'es6-error': [ '4.1.1' ],
47 silly audit   escalade: [ '3.1.1' ],
47 silly audit   'escape-html': [ '1.0.3' ],
47 silly audit   esprima: [ '4.0.1' ],
47 silly audit   etag: [ '1.8.1' ],
47 silly audit   express: [ '4.17.1' ],
47 silly audit   'express-handlebars': [ '6.0.2' ],
47 silly audit   extend: [ '3.0.2' ],
47 silly audit   extsprintf: [ '1.3.0' ],
47 silly audit   'fast-deep-equal': [ '3.1.1' ],
47 silly audit   'fast-json-stable-stringify': [ '2.1.0' ],
47 silly audit   'fill-range': [ '7.0.1' ],
47 silly audit   finalhandler: [ '1.1.2' ],
47 silly audit   'find-cache-dir': [ '3.3.2' ],
47 silly audit   flat: [ '5.0.2' ],
47 silly audit   'foreground-child': [ '2.0.0' ],
47 silly audit   'forever-agent': [ '0.6.1' ],
47 silly audit   'form-data': [ '2.5.0', '2.3.3' ],
47 silly audit   formidable: [ '1.2.1' ],
47 silly audit   forwarded: [ '0.1.2' ],
47 silly audit   fresh: [ '0.5.2' ],
47 silly audit   fromentries: [ '1.3.2' ],
47 silly audit   'fs.realpath': [ '1.0.0' ],
47 silly audit   fsevents: [ '2.3.2' ],
47 silly audit   'function-bind': [ '1.1.1' ],
47 silly audit   gensync: [ '1.0.0-beta.2' ],
47 silly audit   'get-caller-file': [ '2.0.5' ],
47 silly audit   'get-func-name': [ '2.0.0' ],
47 silly audit   'get-package-type': [ '0.1.0' ],
47 silly audit   getpass: [ '0.1.7' ],
47 silly audit   glob: [ '7.2.0' ],
47 silly audit   'glob-parent': [ '5.1.2' ],
47 silly audit   globals: [ '11.12.0' ],
47 silly audit   'graceful-fs': [ '4.2.9' ],
47 silly audit   growl: [ '1.10.5' ],
47 silly audit   handlebars: [ '4.7.7' ],
47 silly audit   'har-schema': [ '2.0.0' ],
47 silly audit   'har-validator': [ '5.1.3' ],
47 silly audit   has: [ '1.0.3' ],
47 silly audit   hasha: [ '5.2.2' ],
47 silly audit   he: [ '1.2.0' ],
47 silly audit   'html-escaper': [ '2.0.2' ],
47 silly audit   'http-errors': [ '1.7.2' ],
47 silly audit   inherits: [ '2.0.3', '2.0.4' ],
47 silly audit   'http-signature': [ '1.2.0' ],
47 silly audit   'iconv-lite': [ '0.4.24' ],
47 silly audit   imurmurhash: [ '0.1.4' ],
47 silly audit   'indent-string': [ '4.0.0' ],
47 silly audit   inflight: [ '1.0.6' ],
47 silly audit   'ipaddr.js': [ '1.9.0' ],
47 silly audit   'is-arguments': [ '1.0.4' ],
47 silly audit   'is-binary-path': [ '2.1.0' ],
47 silly audit   'is-date-object': [ '1.0.1' ],
47 silly audit   'is-extglob': [ '2.1.1' ],
47 silly audit   'is-fullwidth-code-point': [ '3.0.0' ],
47 silly audit   'is-glob': [ '4.0.3' ],
47 silly audit   'is-number': [ '7.0.0' ],
47 silly audit   'is-plain-obj': [ '2.1.0' ],
47 silly audit   'is-regex': [ '1.0.4' ],
47 silly audit   'is-stream': [ '2.0.1' ],
47 silly audit   'is-typedarray': [ '1.0.0' ],
47 silly audit   'is-unicode-supported': [ '0.1.0' ],
47 silly audit   'is-windows': [ '1.0.2' ],
47 silly audit   isarray: [ '1.0.0' ],
47 silly audit   isexe: [ '2.0.0' ],
47 silly audit   isstream: [ '0.1.2' ],
47 silly audit   'istanbul-lib-coverage': [ '3.2.0' ],
47 silly audit   'istanbul-lib-hook': [ '3.0.0' ],
47 silly audit   'istanbul-lib-instrument': [ '4.0.3' ],
47 silly audit   'istanbul-lib-processinfo': [ '2.0.2' ],
47 silly audit   'istanbul-lib-report': [ '3.0.0' ],
47 silly audit   'istanbul-lib-source-maps': [ '4.0.1' ],
47 silly audit   'istanbul-reports': [ '3.1.4' ],
47 silly audit   'js-tokens': [ '4.0.0' ],
47 silly audit   jsbn: [ '0.1.1' ],
47 silly audit   jsesc: [ '2.5.2' ],
47 silly audit   'json-schema': [ '0.4.0' ],
47 silly audit   'json-schema-traverse': [ '0.4.1' ],
47 silly audit   'json-stringify-safe': [ '5.0.1' ],
47 silly audit   json5: [ '2.2.0' ],
47 silly audit   jsprim: [ '1.4.2' ],
47 silly audit   lodash: [ '4.17.21' ],
47 silly audit   'lodash.flattendeep': [ '4.4.0' ],
47 silly audit   'log-symbols': [ '4.1.0' ],
47 silly audit   'make-dir': [ '3.1.0' ],
47 silly audit   'media-typer': [ '0.3.0' ],
47 silly audit   'merge-descriptors': [ '1.0.1' ],
47 silly audit   methods: [ '1.1.2' ],
47 silly audit   mime: [ '1.6.0' ],
47 silly audit   'mime-db': [ '1.40.0' ],
47 silly audit   'mime-types': [ '2.1.24' ],
47 silly audit   minimatch: [ '3.0.4' ],
47 silly audit   minimist: [ '1.2.6' ],
47 silly audit   mkdirp: [ '0.5.5' ],
47 silly audit   mocha: [ '9.2.1' ],
47 silly audit   nanoid: [ '3.2.0' ],
47 silly audit   negotiator: [ '0.6.2' ],
47 silly audit   'neo-async': [ '2.6.1' ],
47 silly audit   nock: [ '10.0.6' ],
47 silly audit   'node-preload': [ '0.2.1' ],
47 silly audit   'node-releases': [ '2.0.2' ],
47 silly audit   'normalize-path': [ '3.0.0' ],
47 silly audit   nyc: [ '15.1.0' ],
47 silly audit   'wrap-ansi': [ '6.2.0', '7.0.0' ],
47 silly audit   y18n: [ '4.0.3', '5.0.8' ],
47 silly audit   yargs: [ '15.4.1', '16.2.0' ],
47 silly audit   'yargs-parser': [ '18.1.3', '20.2.4' ],
47 silly audit   'oauth-sign': [ '0.9.0' ],
47 silly audit   'object-is': [ '1.0.1' ],
47 silly audit   'object-keys': [ '1.1.1' ],
47 silly audit   'on-finished': [ '2.3.0' ],
47 silly audit   once: [ '1.4.0' ],
47 silly audit   'p-map': [ '3.0.0' ],
47 silly audit   'p-try': [ '2.2.0' ],
47 silly audit   'package-hash': [ '4.0.0' ],
47 silly audit   parseurl: [ '1.3.3' ],
47 silly audit   'path-exists': [ '4.0.0' ],
47 silly audit   'path-is-absolute': [ '1.0.1' ],
47 silly audit   'path-key': [ '3.1.1' ],
47 silly audit   'path-to-regexp': [ '0.1.7' ],
47 silly audit   pathval: [ '1.1.1' ],
47 silly audit   'performance-now': [ '2.1.0' ],
47 silly audit   picocolors: [ '1.0.0' ],
47 silly audit   picomatch: [ '2.3.1' ],
47 silly audit   'pkg-dir': [ '4.2.0' ],
47 silly audit   'process-nextick-args': [ '2.0.1' ],
47 silly audit   'process-on-spawn': [ '1.0.0' ],
47 silly audit   propagate: [ '1.0.0' ],
47 silly audit   'proxy-addr': [ '2.0.5' ],
47 silly audit   psl: [ '1.8.0' ],
47 silly audit   punycode: [ '2.1.1' ],
47 silly audit   randombytes: [ '2.1.0' ],
47 silly audit   'range-parser': [ '1.2.1' ],
47 silly audit   'raw-body': [ '2.4.0' ],
47 silly audit   'readable-stream': [ '2.3.6' ],
47 silly audit   readdirp: [ '3.6.0' ],
47 silly audit   'regexp.prototype.flags': [ '1.2.0' ],
47 silly audit   'release-zalgo': [ '1.0.0' ],
47 silly audit   request: [ '2.88.2' ],
47 silly audit   'require-directory': [ '2.1.1' ],
47 silly audit   'require-main-filename': [ '2.0.0' ],
47 silly audit   'resolve-from': [ '5.0.0' ],
47 silly audit   rimraf: [ '3.0.2' ],
47 silly audit   'safe-buffer': [ '5.1.2' ],
47 silly audit   'safer-buffer': [ '2.1.2' ],
47 silly audit   send: [ '0.17.1' ],
47 silly audit   'serialize-javascript': [ '6.0.0' ],
47 silly audit   'serve-static': [ '1.14.1' ],
47 silly audit   'set-blocking': [ '2.0.0' ],
47 silly audit   setprototypeof: [ '1.1.1' ],
47 silly audit   'shebang-command': [ '2.0.0' ],
47 silly audit   'shebang-regex': [ '3.0.0' ],
47 silly audit   'signal-exit': [ '3.0.7' ],
47 silly audit   'spawn-wrap': [ '2.0.0' ],
47 silly audit   'sprintf-js': [ '1.0.3' ],
47 silly audit   sshpk: [ '1.16.1' ],
47 silly audit   statuses: [ '1.5.0' ],
47 silly audit   string_decoder: [ '1.1.1' ],
47 silly audit   'string-width': [ '4.2.3' ],
47 silly audit   'strip-ansi': [ '6.0.1' ],
47 silly audit   'strip-bom': [ '4.0.0' ],
47 silly audit   'strip-json-comments': [ '3.1.1' ],
47 silly audit   superagent: [ '3.8.3' ],
47 silly audit   supertest: [ '4.0.2' ],
47 silly audit   'test-exclude': [ '6.0.0' ],
47 silly audit   'to-fast-properties': [ '2.0.0' ],
47 silly audit   'to-regex-range': [ '5.0.1' ],
47 silly audit   toidentifier: [ '1.0.0' ],
47 silly audit   'tough-cookie': [ '2.5.0' ],
47 silly audit   'tunnel-agent': [ '0.6.0' ],
47 silly audit   tweetnacl: [ '0.14.5' ],
47 silly audit   'type-detect': [ '4.0.8' ],
47 silly audit   'type-fest': [ '0.8.1' ],
47 silly audit   'type-is': [ '1.6.18' ],
47 silly audit   'typedarray-to-buffer': [ '3.1.5' ],
47 silly audit   'uglify-js': [ '3.9.2' ],
47 silly audit   unpipe: [ '1.0.0' ],
47 silly audit   'uri-js': [ '4.2.2' ],
47 silly audit   'util-deprecate': [ '1.0.2' ],
47 silly audit   'utils-merge': [ '1.0.1' ],
47 silly audit   uuid: [ '3.3.3' ],
47 silly audit   vary: [ '1.1.2' ],
47 silly audit   verror: [ '1.10.0' ],
47 silly audit   which: [ '2.0.2' ],
47 silly audit   'which-module': [ '2.0.0' ],
47 silly audit   wordwrap: [ '1.0.0' ],
47 silly audit   workerpool: [ '6.2.0' ],
47 silly audit   wrappy: [ '1.0.2' ],
47 silly audit   'write-file-atomic': [ '3.0.3' ],
47 silly audit   'yargs-unparser': [ '2.0.0' ],
47 silly audit   'yocto-queue': [ '0.1.0' ]
47 silly audit }
48 verbose reify failed optional dependency /home/user203/sample-Firestore/external/node_modules/fsevents
49 silly reify mark deleted [ '/home/user203/sample-Firestore/external/node_modules/fsevents' ]
50 timing reifyNode:node_modules/fsevents Completed in 53ms
51 timing reify:unpack Completed in 53ms
52 timing reify:unretire Completed in 0ms
53 timing build:queue Completed in 9ms
54 timing build:deps Completed in 10ms
55 timing build Completed in 11ms
56 timing reify:build Completed in 11ms
57 timing reify:trash Completed in 1ms
58 timing reify:save Completed in 117ms
59 http fetch POST 200 https://registry.npmjs.org/-/npm/v1/security/advisories/bulk 370ms
60 timing auditReport:getReport Completed in 379ms
61 silly audit report {
61 silly audit report   semver: [
61 silly audit report     {
61 silly audit report       id: 1092459,
61 silly audit report       url: 'https://github.com/advisories/GHSA-c2qf-rxjj-qqgw',
61 silly audit report       title: 'semver vulnerable to Regular Expression Denial of Service',
61 silly audit report       severity: 'moderate',
61 silly audit report       vulnerable_versions: '<5.7.2',
61 silly audit report       cwe: [Array],
61 silly audit report       cvss: [Object]
61 silly audit report     },
61 silly audit report     {
61 silly audit report       id: 1092460,
61 silly audit report       url: 'https://github.com/advisories/GHSA-c2qf-rxjj-qqgw',
61 silly audit report       title: 'semver vulnerable to Regular Expression Denial of Service',
61 silly audit report       severity: 'moderate',
61 silly audit report       vulnerable_versions: '>=6.0.0 <6.3.1',
61 silly audit report       cwe: [Array],
61 silly audit report       cvss: [Object]
61 silly audit report     }
61 silly audit report   ],
61 silly audit report   qs: [
61 silly audit report     {
61 silly audit report       id: 1090135,
61 silly audit report       url: 'https://github.com/advisories/GHSA-hrpp-h998-j3pp',
61 silly audit report       title: 'qs vulnerable to Prototype Pollution',
61 silly audit report       severity: 'high',
61 silly audit report       vulnerable_versions: '>=6.5.0 <6.5.3',
61 silly audit report       cwe: [Array],
61 silly audit report       cvss: [Object]
61 silly audit report     },
61 silly audit report     {
61 silly audit report       id: 1090137,
61 silly audit report       url: 'https://github.com/advisories/GHSA-hrpp-h998-j3pp',
61 silly audit report       title: 'qs vulnerable to Prototype Pollution',
61 silly audit report       severity: 'high',
61 silly audit report       vulnerable_versions: '>=6.7.0 <6.7.3',
61 silly audit report       cwe: [Array],
61 silly audit report       cvss: [Object]
61 silly audit report     },
61 silly audit report     {
61 silly audit report       id: 1090138,
61 silly audit report       url: 'https://github.com/advisories/GHSA-hrpp-h998-j3pp',
61 silly audit report       title: 'qs vulnerable to Prototype Pollution',
61 silly audit report       severity: 'high',
61 silly audit report       vulnerable_versions: '>=6.8.0 <6.8.3',
61 silly audit report       cwe: [Array],
61 silly audit report       cvss: [Object]
61 silly audit report     }
61 silly audit report   ],
61 silly audit report   cookiejar: [
61 silly audit report     {
61 silly audit report       id: 1088659,
61 silly audit report       url: 'https://github.com/advisories/GHSA-h452-7996-h45h',
61 silly audit report       title: 'cookiejar Regular Expression Denial of Service via Cookie.parse function',
61 silly audit report       severity: 'moderate',
61 silly audit report       vulnerable_versions: '<2.1.4',
61 silly audit report       cwe: [Array],
61 silly audit report       cvss: [Object]
61 silly audit report     }
61 silly audit report   ],
61 silly audit report   json5: [
61 silly audit report     {
61 silly audit report       id: 1092426,
61 silly audit report       url: 'https://github.com/advisories/GHSA-9c47-m6qq-7p4h',
61 silly audit report       title: 'Prototype Pollution in JSON5 via Parse Method',
61 silly audit report       severity: 'high',
61 silly audit report       vulnerable_versions: '>=2.0.0 <2.2.2',
61 silly audit report       cwe: [Array],
61 silly audit report       cvss: [Object]
61 silly audit report     }
61 silly audit report   ],
61 silly audit report   minimatch: [
61 silly audit report     {
61 silly audit report       id: 1092637,
61 silly audit report       url: 'https://github.com/advisories/GHSA-f8q6-p94x-37v3',
61 silly audit report       title: 'minimatch ReDoS vulnerability',
61 silly audit report       severity: 'high',
61 silly audit report       vulnerable_versions: '<3.0.5',
61 silly audit report       cwe: [Array],
61 silly audit report       cvss: [Object]
61 silly audit report     }
61 silly audit report   ],
61 silly audit report   request: [
61 silly audit report     {
61 silly audit report       id: 1092826,
61 silly audit report       url: 'https://github.com/advisories/GHSA-p8p7-x288-28g6',
61 silly audit report       title: 'Server-Side Request Forgery in Request',
61 silly audit report       severity: 'moderate',
61 silly audit report       vulnerable_versions: '<=2.88.2',
61 silly audit report       cwe: [Array],
61 silly audit report       cvss: [Object]
61 silly audit report     }
61 silly audit report   ],
61 silly audit report   'tough-cookie': [
61 silly audit report     {
61 silly audit report       id: 1092470,
61 silly audit report       url: 'https://github.com/advisories/GHSA-72xf-g2v4-qvf3',
61 silly audit report       title: 'tough-cookie Prototype Pollution vulnerability',
61 silly audit report       severity: 'moderate',
61 silly audit report       vulnerable_versions: '<4.1.3',
61 silly audit report       cwe: [Array],
61 silly audit report       cvss: [Object]
61 silly audit report     }
61 silly audit report   ]
61 silly audit report }
62 timing metavuln:cache:get:security-advisory:semver:4rAGLI77ah4GjE+TMeF3bs1i2q5PTlh8Yy3a788BL+nsbnDjtFmvZQR4wF1DxsFHGN6S44lxm3JWgPb3W5s30Q== Completed in 18ms
63 timing metavuln:cache:get:security-advisory:semver:kAFjC+gZYE0hg0fnwRCthyeJmOP92DfFUBq7TwOAbcgH8333wOUXJiBMf3cV5pyGPYsWeSSSBLLcOEcTn3mGyA== Completed in 16ms
64 timing metavuln:cache:get:security-advisory:qs:rrWPBAw3evG2xU9T8UyCv5viKIoR1JsbUEXw4ObDb4ps1TxGju6VExbVAauDHeMk5nIqSMMMCx1BPSkPMao6zg== Completed in 17ms
65 timing metavuln:cache:get:security-advisory:qs:5JfVCrV4+n++/kE/U6tbz1htdIKthjszBZ/3DGOpXr4TrS2TWdskvqnfC0J2bHwpFaV2XKOnUs/VJfDAqg7rVw== Completed in 17ms
66 timing metavuln:cache:get:security-advisory:qs:5YfNm966GbxTXuFNTEY+Y5maNecqD28JXWIMAZJ7rvKweRs2/Epcfx96rSbeb5OdXQVx2gyho/vu+hYKMw34VQ== Completed in 16ms
67 timing metavuln:cache:get:security-advisory:cookiejar:20tDwH6fYKn++PbMnx2tUulmtbaV/gdoUXXQX3IJ8Qzg+tx34k0HmLCCRQ68aR/TWyVmR5LbQdagWrak8dhhtw== Completed in 16ms
68 timing metavuln:cache:get:security-advisory:json5:rnNBKxOMGkgMhTtjIGTOs9l71MKZ1fy3FxblbSuHNYBlIiQ6zbSo5YHFTgHN3LnkxMq55Tx1fWDiFOQdGTR9LQ== Completed in 16ms
69 timing metavuln:cache:get:security-advisory:minimatch:p95wqm4LFYda8MqIRhnJXQzvuVqj41xyGSOJfNTqDPjDKg480m5l2FhiUVP1JR7YWhTNbFJAK29w5AyMROsYuQ== Completed in 15ms
70 timing metavuln:cache:get:security-advisory:request:Ca2uqfGo+zfPNulYPEnfaKO3u0vg8a43b2ndvJR33ZOCrpemMUOu67tQTL8Hs3HCX0alMzoy2sTlcAAc/nTrzA== Completed in 15ms
71 timing metavuln:cache:get:security-advisory:tough-cookie:VNuwVxANcCKf9fmuD0Vt2V7tyUFg0MOcTBXo66LvguhCeFU0pqdKjCffmtFFsDUZMFdCTHimURRZB0jVSz1wRg== Completed in 15ms
72 http fetch GET 200 https://registry.npmjs.org/semver 63ms (cache revalidated)
73 timing metavuln:packument:semver Completed in 65ms
74 timing metavuln:load:security-advisory:semver:1092459 Completed in 2ms
75 timing metavuln:calculate:security-advisory:semver:1092459 Completed in 67ms
76 timing metavuln:load:security-advisory:semver:1092460 Completed in 1ms
77 timing metavuln:calculate:security-advisory:semver:1092460 Completed in 66ms
78 http fetch GET 200 https://registry.npmjs.org/qs 97ms (cache revalidated)
79 timing metavuln:packument:qs Completed in 99ms
80 timing metavuln:load:security-advisory:qs:1090135 Completed in 0ms
81 timing metavuln:calculate:security-advisory:qs:1090135 Completed in 99ms
82 timing metavuln:load:security-advisory:qs:1090137 Completed in 2ms
83 timing metavuln:calculate:security-advisory:qs:1090137 Completed in 101ms
84 timing metavuln:load:security-advisory:qs:1090138 Completed in 0ms
85 timing metavuln:calculate:security-advisory:qs:1090138 Completed in 100ms
86 http fetch GET 200 https://registry.npmjs.org/cookiejar 101ms (cache revalidated)
87 timing metavuln:packument:cookiejar Completed in 101ms
88 timing metavuln:load:security-advisory:cookiejar:1088659 Completed in 0ms
89 timing metavuln:calculate:security-advisory:cookiejar:1088659 Completed in 101ms
90 http fetch GET 200 https://registry.npmjs.org/json5 101ms (cache revalidated)
91 timing metavuln:packument:json5 Completed in 102ms
92 timing metavuln:load:security-advisory:json5:1092426 Completed in 0ms
93 timing metavuln:calculate:security-advisory:json5:1092426 Completed in 103ms
94 http fetch GET 200 https://registry.npmjs.org/minimatch 113ms (cache revalidated)
95 timing metavuln:packument:minimatch Completed in 114ms
96 timing metavuln:load:security-advisory:minimatch:1092637 Completed in 1ms
97 timing metavuln:calculate:security-advisory:minimatch:1092637 Completed in 115ms
98 http fetch GET 200 https://registry.npmjs.org/tough-cookie 114ms (cache revalidated)
99 timing metavuln:packument:tough-cookie Completed in 115ms
100 timing metavuln:load:security-advisory:tough-cookie:1092470 Completed in 0ms
101 timing metavuln:calculate:security-advisory:tough-cookie:1092470 Completed in 115ms
102 http fetch GET 200 https://registry.npmjs.org/request 116ms (cache revalidated)
103 timing metavuln:packument:request Completed in 120ms
104 timing metavuln:load:security-advisory:request:1092826 Completed in 2ms
105 timing metavuln:calculate:security-advisory:request:1092826 Completed in 123ms
106 timing metavuln:cache:get:security-advisory:nock:8VrBPuzTAXstDlNSkcRn/QYE451YloRbZTebzjv3Y2njxditZJuRxcTjcwA4Hl5ad25OXztMzOLiHLpEpBdtlQ== Completed in 5ms
107 http fetch GET 200 https://registry.npmjs.org/nock 42ms (cache revalidated)
108 timing metavuln:packument:nock Completed in 52ms
109 timing metavuln:load:security-advisory:nock:4rAGLI77ah4GjE+TMeF3bs1i2q5PTlh8Yy3a788BL+nsbnDjtFmvZQR4wF1DxsFHGN6S44lxm3JWgPb3W5s30Q== Completed in 4ms
110 timing metavuln:calculate:security-advisory:nock:4rAGLI77ah4GjE+TMeF3bs1i2q5PTlh8Yy3a788BL+nsbnDjtFmvZQR4wF1DxsFHGN6S44lxm3JWgPb3W5s30Q== Completed in 57ms
111 timing metavuln:cache:get:security-advisory:@babel/core:C/MB/DG+EN3Gc5MMip1aeJA8d2yIR9eyxIxgU80TIrdFcvKaIVZi3PdOvNmNzmFHkuiHeCr0rbJKqfQcsFtD0Q== Completed in 10ms
112 timing metavuln:cache:get:security-advisory:@babel/helper-compilation-targets:TNt+ykEqnBWGOK5aPl/9+dV3UzZ8MZbXovVzjXtTGIHB2D0CE5Cimoxjs493z+kmJ/+zpXyfAdaktrnjbDmMYw== Completed in 9ms
113 timing metavuln:cache:get:security-advisory:istanbul-lib-instrument:uH0G1pfO6b4cgSxKdxQvU1YrKC/fzHnE5ltTYbnXJ+3ZYq33oSYu5u8gcMOLh4RShCOawhrpddM7up7rm/7/hw== Completed in 8ms
114 timing metavuln:cache:get:security-advisory:make-dir:weuzECRx3sHGwZBPCFAOw+reXIrADTbGbizJp0ZnSLHBnHRwvI+KfkBVtBE5QdNKsk3MslUtnkTJvuEn4vDUEA== Completed in 7ms
115 http fetch GET 200 https://registry.npmjs.org/istanbul-lib-instrument 47ms (cache revalidated)
116 timing metavuln:packument:istanbul-lib-instrument Completed in 49ms
117 timing metavuln:load:security-advisory:istanbul-lib-instrument:kAFjC+gZYE0hg0fnwRCthyeJmOP92DfFUBq7TwOAbcgH8333wOUXJiBMf3cV5pyGPYsWeSSSBLLcOEcTn3mGyA== Completed in 1ms
118 timing metavuln:calculate:security-advisory:istanbul-lib-instrument:kAFjC+gZYE0hg0fnwRCthyeJmOP92DfFUBq7TwOAbcgH8333wOUXJiBMf3cV5pyGPYsWeSSSBLLcOEcTn3mGyA== Completed in 50ms
119 http fetch GET 200 https://registry.npmjs.org/@babel%2fcore 60ms (cache revalidated)
120 timing metavuln:packument:@babel/core Completed in 63ms
121 timing metavuln:load:security-advisory:@babel/core:kAFjC+gZYE0hg0fnwRCthyeJmOP92DfFUBq7TwOAbcgH8333wOUXJiBMf3cV5pyGPYsWeSSSBLLcOEcTn3mGyA== Completed in 0ms
122 timing metavuln:calculate:security-advisory:@babel/core:kAFjC+gZYE0hg0fnwRCthyeJmOP92DfFUBq7TwOAbcgH8333wOUXJiBMf3cV5pyGPYsWeSSSBLLcOEcTn3mGyA== Completed in 64ms
123 http fetch GET 200 https://registry.npmjs.org/@babel%2fhelper-compilation-targets 65ms (cache revalidated)
124 timing metavuln:packument:@babel/helper-compilation-targets Completed in 67ms
125 timing metavuln:load:security-advisory:@babel/helper-compilation-targets:kAFjC+gZYE0hg0fnwRCthyeJmOP92DfFUBq7TwOAbcgH8333wOUXJiBMf3cV5pyGPYsWeSSSBLLcOEcTn3mGyA== Completed in 0ms
126 timing metavuln:calculate:security-advisory:@babel/helper-compilation-targets:kAFjC+gZYE0hg0fnwRCthyeJmOP92DfFUBq7TwOAbcgH8333wOUXJiBMf3cV5pyGPYsWeSSSBLLcOEcTn3mGyA== Completed in 67ms
127 http fetch GET 200 https://registry.npmjs.org/make-dir 66ms (cache revalidated)
128 timing metavuln:packument:make-dir Completed in 66ms
129 timing metavuln:load:security-advisory:make-dir:kAFjC+gZYE0hg0fnwRCthyeJmOP92DfFUBq7TwOAbcgH8333wOUXJiBMf3cV5pyGPYsWeSSSBLLcOEcTn3mGyA== Completed in 0ms
130 timing metavuln:calculate:security-advisory:make-dir:kAFjC+gZYE0hg0fnwRCthyeJmOP92DfFUBq7TwOAbcgH8333wOUXJiBMf3cV5pyGPYsWeSSSBLLcOEcTn3mGyA== Completed in 66ms
131 timing metavuln:cache:get:security-advisory:request:j5R5kWuenf7USzMMt5mOnap3wv7OYpw/bw7POP266JCilFTwH+Ln4E0UPKlJZCxeR8o6ySaGZk60ftmC65z8Pg== Completed in 1ms
132 timing metavuln:load:security-advisory:request:rrWPBAw3evG2xU9T8UyCv5viKIoR1JsbUEXw4ObDb4ps1TxGju6VExbVAauDHeMk5nIqSMMMCx1BPSkPMao6zg== Completed in 1ms
133 timing metavuln:calculate:security-advisory:request:rrWPBAw3evG2xU9T8UyCv5viKIoR1JsbUEXw4ObDb4ps1TxGju6VExbVAauDHeMk5nIqSMMMCx1BPSkPMao6zg== Completed in 2ms
134 timing metavuln:cache:get:security-advisory:body-parser:tNB9LlcJ7DzMd0cMlwHc6I9OLaQlZpKEAN94Rvc3zZUvYYWGqa4rF2Mqwjg3MIJ5HJZVNbqXWgscCy84jrKU/g== Completed in 5ms
135 timing metavuln:cache:get:security-advisory:express:j8JzSk+dp4eoSO7k9KPqDNXSWeQZuQeMLFfZ9lXlCzkTBefzH5YJStOkrdeBuhyiHlSMBR1HPe7yKSc5bmTVFA== Completed in 4ms
136 http fetch GET 200 https://registry.npmjs.org/express 41ms (cache revalidated)
137 timing metavuln:packument:express Completed in 46ms
138 timing metavuln:load:security-advisory:express:5JfVCrV4+n++/kE/U6tbz1htdIKthjszBZ/3DGOpXr4TrS2TWdskvqnfC0J2bHwpFaV2XKOnUs/VJfDAqg7rVw== Completed in 1ms
139 timing metavuln:calculate:security-advisory:express:5JfVCrV4+n++/kE/U6tbz1htdIKthjszBZ/3DGOpXr4TrS2TWdskvqnfC0J2bHwpFaV2XKOnUs/VJfDAqg7rVw== Completed in 47ms
140 http fetch GET 200 https://registry.npmjs.org/body-parser 51ms (cache revalidated)
141 timing metavuln:packument:body-parser Completed in 53ms
142 timing metavuln:load:security-advisory:body-parser:5JfVCrV4+n++/kE/U6tbz1htdIKthjszBZ/3DGOpXr4TrS2TWdskvqnfC0J2bHwpFaV2XKOnUs/VJfDAqg7rVw== Completed in 0ms
143 timing metavuln:calculate:security-advisory:body-parser:5JfVCrV4+n++/kE/U6tbz1htdIKthjszBZ/3DGOpXr4TrS2TWdskvqnfC0J2bHwpFaV2XKOnUs/VJfDAqg7rVw== Completed in 53ms
144 timing metavuln:cache:get:security-advisory:nock:jQrePwzeXqPxcZ6XVEWkKHrB1pqZ83HiPPQn1DJxcXlECHwbEWefVHgwVuBGKRWYNvSw9cVg13W7WagIJrb2rg== Completed in 2ms
145 timing metavuln:load:security-advisory:nock:5YfNm966GbxTXuFNTEY+Y5maNecqD28JXWIMAZJ7rvKweRs2/Epcfx96rSbeb5OdXQVx2gyho/vu+hYKMw34VQ== Completed in 2ms
146 timing metavuln:calculate:security-advisory:nock:5YfNm966GbxTXuFNTEY+Y5maNecqD28JXWIMAZJ7rvKweRs2/Epcfx96rSbeb5OdXQVx2gyho/vu+hYKMw34VQ== Completed in 4ms
147 timing metavuln:cache:get:security-advisory:superagent:OozltzQbhvU0SK5NqFEavaCdgcYvn2/LJ5KWVOEuuDzlm2PumNdqRjOuzCv7mQf28Bj7uGtU+UBNqkxS/LI63A== Completed in 5ms
148 http fetch GET 200 https://registry.npmjs.org/superagent 51ms (cache revalidated)
149 timing metavuln:packument:superagent Completed in 54ms
150 timing metavuln:load:security-advisory:superagent:5YfNm966GbxTXuFNTEY+Y5maNecqD28JXWIMAZJ7rvKweRs2/Epcfx96rSbeb5OdXQVx2gyho/vu+hYKMw34VQ== Completed in 0ms
151 timing metavuln:calculate:security-advisory:superagent:5YfNm966GbxTXuFNTEY+Y5maNecqD28JXWIMAZJ7rvKweRs2/Epcfx96rSbeb5OdXQVx2gyho/vu+hYKMw34VQ== Completed in 55ms
152 timing metavuln:cache:get:security-advisory:superagent:v4XmEgjuBkBpiLo5I4SV16ElFl6TaCr+4OWq2jQCfpSR7t3vq29GwZ0D254lhsBHl/TfClBSkZa7fTu13c0xtQ== Completed in 1ms
153 timing metavuln:load:security-advisory:superagent:20tDwH6fYKn++PbMnx2tUulmtbaV/gdoUXXQX3IJ8Qzg+tx34k0HmLCCRQ68aR/TWyVmR5LbQdagWrak8dhhtw== Completed in 2ms
154 timing metavuln:calculate:security-advisory:superagent:20tDwH6fYKn++PbMnx2tUulmtbaV/gdoUXXQX3IJ8Qzg+tx34k0HmLCCRQ68aR/TWyVmR5LbQdagWrak8dhhtw== Completed in 3ms
155 timing metavuln:cache:get:security-advisory:@babel/core:s47bo7W+eF5Uchc33Avu/8W7GcFbTXy4rM78s5et6q+gFwP0Oo0LSBsrTRYakK08+Mu3UUQWB3hkq4YG2Km2aw== Completed in 2ms
156 timing metavuln:load:security-advisory:@babel/core:rnNBKxOMGkgMhTtjIGTOs9l71MKZ1fy3FxblbSuHNYBlIiQ6zbSo5YHFTgHN3LnkxMq55Tx1fWDiFOQdGTR9LQ== Completed in 1ms
157 timing metavuln:calculate:security-advisory:@babel/core:rnNBKxOMGkgMhTtjIGTOs9l71MKZ1fy3FxblbSuHNYBlIiQ6zbSo5YHFTgHN3LnkxMq55Tx1fWDiFOQdGTR9LQ== Completed in 4ms
158 timing metavuln:cache:get:security-advisory:glob:D1eGkUenocKIEzLL98b8kGGyCsMFzJmW+bo1loOQwvB/5Pab5Wm/oczmN1KdqqoneXSlImTW7/9POlaNzEl48A== Completed in 11ms
159 timing metavuln:cache:get:security-advisory:mocha:zVViDN/CepLapW9sSvSkk93Zr8MY8kdFOkDtQSYFB5xN3aJqOeEfVeEmexi4Ba432l7i4Pmhk0UX9TN89892zg== Completed in 10ms
160 timing metavuln:cache:get:security-advisory:test-exclude:k9MtPq6+4DtMtCQQ9HC4cIkSA0vFxnw/ZgnYA5+g4qWpBYu+amNC5DWlRWZC0e4SCKY60vvwg9v9emW8el6IWA== Completed in 11ms
161 http fetch GET 200 https://registry.npmjs.org/test-exclude 52ms (cache revalidated)
162 timing metavuln:packument:test-exclude Completed in 53ms
163 timing metavuln:load:security-advisory:test-exclude:p95wqm4LFYda8MqIRhnJXQzvuVqj41xyGSOJfNTqDPjDKg480m5l2FhiUVP1JR7YWhTNbFJAK29w5AyMROsYuQ== Completed in 1ms
164 timing metavuln:calculate:security-advisory:test-exclude:p95wqm4LFYda8MqIRhnJXQzvuVqj41xyGSOJfNTqDPjDKg480m5l2FhiUVP1JR7YWhTNbFJAK29w5AyMROsYuQ== Completed in 54ms
165 http fetch GET 200 https://registry.npmjs.org/glob 59ms (cache revalidated)
166 timing metavuln:packument:glob Completed in 61ms
167 timing metavuln:load:security-advisory:glob:p95wqm4LFYda8MqIRhnJXQzvuVqj41xyGSOJfNTqDPjDKg480m5l2FhiUVP1JR7YWhTNbFJAK29w5AyMROsYuQ== Completed in 2ms
168 timing metavuln:calculate:security-advisory:glob:p95wqm4LFYda8MqIRhnJXQzvuVqj41xyGSOJfNTqDPjDKg480m5l2FhiUVP1JR7YWhTNbFJAK29w5AyMROsYuQ== Completed in 63ms
169 http fetch GET 200 https://registry.npmjs.org/mocha 68ms (cache revalidated)
170 timing metavuln:packument:mocha Completed in 73ms
171 timing metavuln:load:security-advisory:mocha:p95wqm4LFYda8MqIRhnJXQzvuVqj41xyGSOJfNTqDPjDKg480m5l2FhiUVP1JR7YWhTNbFJAK29w5AyMROsYuQ== Completed in 1ms
172 timing metavuln:calculate:security-advisory:mocha:p95wqm4LFYda8MqIRhnJXQzvuVqj41xyGSOJfNTqDPjDKg480m5l2FhiUVP1JR7YWhTNbFJAK29w5AyMROsYuQ== Completed in 74ms
173 timing metavuln:cache:get:security-advisory:request:ha9I6cGuLN/1vrRjDs9jKCHGoyshzsZrn3liVXlwfWRxB2E/mWSVQsFkapkL7FqkKtl0mJVld9k3Junaf5/m0g== Completed in 2ms
174 timing metavuln:load:security-advisory:request:VNuwVxANcCKf9fmuD0Vt2V7tyUFg0MOcTBXo66LvguhCeFU0pqdKjCffmtFFsDUZMFdCTHimURRZB0jVSz1wRg== Completed in 0ms
175 timing metavuln:calculate:security-advisory:request:VNuwVxANcCKf9fmuD0Vt2V7tyUFg0MOcTBXo66LvguhCeFU0pqdKjCffmtFFsDUZMFdCTHimURRZB0jVSz1wRg== Completed in 3ms
176 timing metavuln:cache:get:security-advisory:express:vpTdEKI0W96TefM00CHKkXq16liW2itmvuOQ+cmpyJ+rRV0pX7/42dpaSX4LaYBlKmMU+SrIPmuFniFK4ZETig== Completed in 3ms
177 timing metavuln:load:security-advisory:express:tNB9LlcJ7DzMd0cMlwHc6I9OLaQlZpKEAN94Rvc3zZUvYYWGqa4rF2Mqwjg3MIJ5HJZVNbqXWgscCy84jrKU/g== Completed in 1ms
178 timing metavuln:calculate:security-advisory:express:tNB9LlcJ7DzMd0cMlwHc6I9OLaQlZpKEAN94Rvc3zZUvYYWGqa4rF2Mqwjg3MIJ5HJZVNbqXWgscCy84jrKU/g== Completed in 5ms
179 timing auditReport:init Completed in 504ms
180 timing reify:audit Completed in 884ms
181 timing reify Completed in 1347ms
182 silly ADD
183 timing command:install Completed in 1395ms
184 verbose exit 0
185 timing npm Completed in 1697ms
186 info ok
